<?xml version="1.0" encoding="UTF-8"?>
<testsuite name="AvitoSeleniumTest" tests="1" skipped="0" failures="0" errors="0" timestamp="2021-05-02T06:18:54" hostname="FARDALI-YOUSSEF" time="35.682">
  <properties/>
  <testcase name="testing" classname="AvitoSeleniumTest" time="35.682"/>
  <system-out><![CDATA[]]></system-out>
  <system-err><![CDATA[SLF4J: Failed to load class "org.slf4j.impl.StaticLoggerBinder".
SLF4J: Defaulting to no-operation (NOP) logger implementation
SLF4J: See http://www.slf4j.org/codes.html#StaticLoggerBinder for further details.
Starting ChromeDriver 90.0.4430.24 (4c6d850f087da467d926e8eddb76550aed655991-refs/branch-heads/4430@{#429}) on port 9055
Only local connections are allowed.
Please see https://chromedriver.chromium.org/security-considerations for suggestions on keeping ChromeDriver safe.
ChromeDriver was started successfully.
]]></system-err>
</testsuite>
